2021-10-27 20:20:04
Sim:1000000s / 11 × 24h
PSS Configuration
arrival rate:120.0 orders/hour
Shape:10×26×12, AVAIL PLACE:3120
10 psb, 3 pst
Finish rate: R:99.95%, 99.98%
Current stocks status: stocks_rate: 50.00%, lock_rate: 1.92%
Robots utility
['PSB-0:65.09%', 'PSB-1:64.44%', 'PSB-2:64.29%', 'PSB-3:62.88%', 'PSB-4:62.51%', 'PSB-5:62.07%', 'PSB-6:62.51%', 'PSB-7:62.92%', 'PSB-8:61.88%', 'PSB-9:59.32%']
['PST-0:0.00%', 'PST-1:0.00%', 'PST-2:0.00%']
Energy Consumption ↓ 
R-jobs: 33188,  avg: 9.10 KJ,  min: 1.10 KJ, max: 26.96 KJ, var: 21.51 KJ^2, total: 302114.27 KJ
S-jobs: 33318,  avg: 2.80 KJ, min: 0.52 KJ, max: 4.33  KJ, var: 0.48 KJ^2, total: 93290.14 KJ
R: reshuffle:147430.73 KJ, general: 302197.18 KJ
Total EC: 395404.41 KJ
Reshuffle task: 73.50%, 3.53
Time ↓ 
R: mean waiting time:  364.5s, mean working time: 189.2s, reshuffle_time part: 67.41%
S: mean waiting time:  360.0s, mean working time: 48.3s
cpu time: 165.69 s
--------------------------------------------------------------------------
2021-10-27 20:20:10
Sim:1000000s / 11 × 24h
PSS Configuration
arrival rate:120.0 orders/hour
Shape:10×32×10, AVAIL PLACE:3200
10 psb, 3 pst
Finish rate: R:99.97%, 99.98%
Current stocks status: stocks_rate: 49.41%, lock_rate: 1.56%
Robots utility
['PSB-0:54.02%', 'PSB-1:53.65%', 'PSB-2:53.56%', 'PSB-3:53.88%', 'PSB-4:53.72%', 'PSB-5:51.71%', 'PSB-6:52.13%', 'PSB-7:50.11%', 'PSB-8:47.94%', 'PSB-9:49.11%']
['PST-0:0.00%', 'PST-1:0.00%', 'PST-2:0.00%']
Energy Consumption ↓ 
R-jobs: 33197,  avg: 7.69 KJ,  min: 1.11 KJ, max: 20.83 KJ, var: 11.71 KJ^2, total: 255405.37 KJ
S-jobs: 33318,  avg: 2.83 KJ, min: 0.73 KJ, max: 4.56  KJ, var: 0.63 KJ^2, total: 94358.13 KJ
R: reshuffle:101361.82 KJ, general: 255447.08 KJ
Total EC: 349763.50 KJ
Reshuffle task: 69.45%, 2.94
Time ↓ 
R: mean waiting time:  181.0s, mean working time: 156.6s, reshuffle_time part: 63.88%
S: mean waiting time:  180.6s, mean working time: 47.5s
cpu time: 193.84 s
--------------------------------------------------------------------------
2021-10-27 20:20:14
Sim:1000000s / 11 × 24h
PSS Configuration
arrival rate:120.0 orders/hour
Shape:10×29×11, AVAIL PLACE:3190
10 psb, 3 pst
Finish rate: R:99.96%, 99.98%
Current stocks status: stocks_rate: 49.09%, lock_rate: 2.07%
Robots utility
['PSB-0:58.94%', 'PSB-1:57.27%', 'PSB-2:57.91%', 'PSB-3:58.28%', 'PSB-4:56.65%', 'PSB-5:56.70%', 'PSB-6:56.75%', 'PSB-7:55.83%', 'PSB-8:56.08%', 'PSB-9:53.49%']
['PST-0:0.00%', 'PST-1:0.00%', 'PST-2:0.00%']
Energy Consumption ↓ 
R-jobs: 33194,  avg: 8.35 KJ,  min: 1.07 KJ, max: 23.17 KJ, var: 15.55 KJ^2, total: 277058.68 KJ
S-jobs: 33317,  avg: 2.82 KJ, min: 0.52 KJ, max: 4.45  KJ, var: 0.55 KJ^2, total: 94091.13 KJ
R: reshuffle:122055.20 KJ, general: 277139.51 KJ
Total EC: 371149.81 KJ
Reshuffle task: 71.52%, 3.19
Time ↓ 
R: mean waiting time:  243.8s, mean working time: 171.1s, reshuffle_time part: 65.53%
S: mean waiting time:  242.6s, mean working time: 48.0s
cpu time: 183.47 s
--------------------------------------------------------------------------
2021-10-27 20:20:20
Sim:1000000s / 11 × 24h
PSS Configuration
arrival rate:120.0 orders/hour
Shape:10×35×9, AVAIL PLACE:3150
10 psb, 3 pst
Finish rate: R:99.96%, 99.98%
Current stocks status: stocks_rate: 48.83%, lock_rate: 2.00%
Robots utility
['PSB-0:50.58%', 'PSB-1:49.76%', 'PSB-2:47.41%', 'PSB-3:46.88%', 'PSB-4:47.03%', 'PSB-5:44.20%', 'PSB-6:45.93%', 'PSB-7:46.11%', 'PSB-8:45.98%', 'PSB-9:44.84%']
['PST-0:0.00%', 'PST-1:0.00%', 'PST-2:0.00%']
Energy Consumption ↓ 
R-jobs: 33192,  avg: 7.10 KJ,  min: 0.86 KJ, max: 18.65 KJ, var: 8.43 KJ^2, total: 235634.82 KJ
S-jobs: 33316,  avg: 2.86 KJ, min: 0.65 KJ, max: 4.67  KJ, var: 0.69 KJ^2, total: 95179.98 KJ
R: reshuffle:81366.01 KJ, general: 235666.85 KJ
Total EC: 330814.80 KJ
Reshuffle task: 66.80%, 2.64
Time ↓ 
R: mean waiting time:  124.3s, mean working time: 141.2s, reshuffle_time part: 61.85%
S: mean waiting time:  125.6s, mean working time: 47.2s
cpu time: 210.72 s
--------------------------------------------------------------------------
2021-10-27 20:20:29
Sim:1000000s / 11 × 24h
PSS Configuration
arrival rate:120.0 orders/hour
Shape:10×40×8, AVAIL PLACE:3200
10 psb, 3 pst
Finish rate: R:99.97%, 99.98%
Current stocks status: stocks_rate: 48.75%, lock_rate: 1.00%
Robots utility
['PSB-0:44.77%', 'PSB-1:43.70%', 'PSB-2:44.23%', 'PSB-3:43.21%', 'PSB-4:42.77%', 'PSB-5:43.99%', 'PSB-6:43.35%', 'PSB-7:41.88%', 'PSB-8:40.43%', 'PSB-9:38.90%']
['PST-0:0.00%', 'PST-1:0.00%', 'PST-2:0.00%']
Energy Consumption ↓ 
R-jobs: 33195,  avg: 6.70 KJ,  min: 1.07 KJ, max: 16.34 KJ, var: 6.28 KJ^2, total: 222271.12 KJ
S-jobs: 33319,  avg: 2.94 KJ, min: 0.52 KJ, max: 4.93  KJ, var: 0.85 KJ^2, total: 97859.59 KJ
R: reshuffle:65095.55 KJ, general: 222304.42 KJ
Total EC: 320130.71 KJ
Reshuffle task: 64.42%, 2.37
Time ↓ 
R: mean waiting time:  91.8s, mean working time: 128.7s, reshuffle_time part: 59.55%
S: mean waiting time:  93.6s, mean working time: 47.0s
cpu time: 227.00 s
--------------------------------------------------------------------------
2021-10-27 20:20:40
Sim:1000000s / 11 × 24h
PSS Configuration
arrival rate:120.0 orders/hour
Shape:10×45×7, AVAIL PLACE:3150
10 psb, 3 pst
Finish rate: R:99.99%, 99.99%
Current stocks status: stocks_rate: 48.00%, lock_rate: 0.22%
Robots utility
['PSB-0:42.04%', 'PSB-1:41.53%', 'PSB-2:40.92%', 'PSB-3:39.49%', 'PSB-4:38.33%', 'PSB-5:37.77%', 'PSB-6:36.07%', 'PSB-7:35.66%', 'PSB-8:35.73%', 'PSB-9:35.51%']
['PST-0:0.00%', 'PST-1:0.00%', 'PST-2:0.00%']
Energy Consumption ↓ 
R-jobs: 33202,  avg: 6.31 KJ,  min: 0.65 KJ, max: 14.90 KJ, var: 4.66 KJ^2, total: 209555.52 KJ
S-jobs: 33322,  avg: 3.01 KJ, min: 0.54 KJ, max: 5.19  KJ, var: 1.04 KJ^2, total: 100464.37 KJ
R: reshuffle:49298.65 KJ, general: 209564.99 KJ
Total EC: 310019.89 KJ
Reshuffle task: 60.68%, 2.09
Time ↓ 
R: mean waiting time:  69.7s, mean working time: 115.4s, reshuffle_time part: 56.73%
S: mean waiting time:  70.8s, mean working time: 46.9s
cpu time: 247.33 s
--------------------------------------------------------------------------
2021-10-27 20:21:07
Sim:1000000s / 11 × 24h
PSS Configuration
arrival rate:120.0 orders/hour
Shape:10×53×6, AVAIL PLACE:3180
10 psb, 3 pst
Finish rate: R:99.98%, 99.99%
Current stocks status: stocks_rate: 47.20%, lock_rate: 0.38%
Robots utility
['PSB-0:36.13%', 'PSB-1:36.03%', 'PSB-2:35.27%', 'PSB-3:34.19%', 'PSB-4:34.87%', 'PSB-5:35.10%', 'PSB-6:34.56%', 'PSB-7:34.55%', 'PSB-8:32.92%', 'PSB-9:31.64%']
['PST-0:0.00%', 'PST-1:0.00%', 'PST-2:0.00%']
Energy Consumption ↓ 
R-jobs: 33201,  avg: 6.14 KJ,  min: 0.66 KJ, max: 13.99 KJ, var: 3.95 KJ^2, total: 203866.18 KJ
S-jobs: 33321,  avg: 3.19 KJ, min: 0.43 KJ, max: 5.68  KJ, var: 1.38 KJ^2, total: 106306.26 KJ
R: reshuffle:35950.69 KJ, general: 203891.40 KJ
Total EC: 310172.44 KJ
Reshuffle task: 56.71%, 1.79
Time ↓ 
R: mean waiting time:  53.4s, mean working time: 104.0s, reshuffle_time part: 53.10%
S: mean waiting time:  52.6s, mean working time: 47.1s
cpu time: 280.86 s
--------------------------------------------------------------------------
2021-10-27 20:21:35
Sim:1000000s / 11 × 24h
PSS Configuration
arrival rate:120.0 orders/hour
Shape:10×64×5, AVAIL PLACE:3200
10 psb, 3 pst
Finish rate: R:99.99%, 99.99%
Current stocks status: stocks_rate: 48.50%, lock_rate: 0.31%
Robots utility
['PSB-0:33.90%', 'PSB-1:34.09%', 'PSB-2:33.94%', 'PSB-3:34.13%', 'PSB-4:33.76%', 'PSB-5:32.92%', 'PSB-6:30.85%', 'PSB-7:27.52%', 'PSB-8:27.63%', 'PSB-9:27.82%']
['PST-0:0.00%', 'PST-1:0.00%', 'PST-2:0.00%']
Energy Consumption ↓ 
R-jobs: 33202,  avg: 6.17 KJ,  min: 0.66 KJ, max: 13.22 KJ, var: 4.07 KJ^2, total: 205015.28 KJ
S-jobs: 33321,  avg: 3.46 KJ, min: 0.44 KJ, max: 6.39  KJ, var: 1.91 KJ^2, total: 115181.32 KJ
R: reshuffle:25630.30 KJ, general: 205035.71 KJ
Total EC: 320196.60 KJ
Reshuffle task: 51.55%, 1.56
Time ↓ 
R: mean waiting time:  41.6s, mean working time: 95.3s, reshuffle_time part: 49.42%
S: mean waiting time:  42.0s, mean working time: 47.7s
cpu time: 314.99 s
--------------------------------------------------------------------------
2021-10-27 20:22:05
Sim:1000000s / 11 × 24h
PSS Configuration
arrival rate:120.0 orders/hour
Shape:10×80×4, AVAIL PLACE:3200
10 psb, 3 pst
Finish rate: R:99.99%, 99.99%
Current stocks status: stocks_rate: 50.38%, lock_rate: 0.38%
Robots utility
['PSB-0:32.56%', 'PSB-1:31.82%', 'PSB-2:30.10%', 'PSB-3:29.20%', 'PSB-4:27.71%', 'PSB-5:28.46%', 'PSB-6:27.81%', 'PSB-7:28.99%', 'PSB-8:29.22%', 'PSB-9:28.02%']
['PST-0:0.00%', 'PST-1:0.00%', 'PST-2:0.00%']
Energy Consumption ↓ 
R-jobs: 33203,  avg: 6.53 KJ,  min: 0.67 KJ, max: 14.07 KJ, var: 5.11 KJ^2, total: 216739.48 KJ
S-jobs: 33320,  avg: 3.87 KJ, min: 0.33 KJ, max: 7.48  KJ, var: 2.89 KJ^2, total: 128962.60 KJ
R: reshuffle:17053.85 KJ, general: 216754.17 KJ
Total EC: 345702.08 KJ
Reshuffle task: 46.26%, 1.27
Time ↓ 
R: mean waiting time:  34.1s, mean working time: 88.5s, reshuffle_time part: 43.92%
S: mean waiting time:  35.0s, mean working time: 48.9s
cpu time: 352.99 s
--------------------------------------------------------------------------
2021-10-27 20:44:23
Sim:1000000s / 11 × 24h
PSS Configuration
arrival rate:120.0 orders/hour
Shape:10×106×3, AVAIL PLACE:3180
10 psb, 3 pst
Finish rate: R:99.99%, 99.99%
Current stocks status: stocks_rate: 54.50%, lock_rate: 0.09%
Robots utility
['PSB-0:30.13%', 'PSB-1:29.89%', 'PSB-2:30.26%', 'PSB-3:29.20%', 'PSB-4:30.18%', 'PSB-5:30.68%', 'PSB-6:28.51%', 'PSB-7:26.57%', 'PSB-8:22.09%', 'PSB-9:22.41%']
['PST-0:0.00%', 'PST-1:0.00%', 'PST-2:0.00%']
Energy Consumption ↓ 
R-jobs: 33203,  avg: 7.49 KJ,  min: 0.68 KJ, max: 16.32 KJ, var: 8.27 KJ^2, total: 248824.55 KJ
S-jobs: 33322,  avg: 4.60 KJ, min: 0.34 KJ, max: 9.32  KJ, var: 5.05 KJ^2, total: 153429.46 KJ
R: reshuffle:11949.22 KJ, general: 248843.33 KJ
Total EC: 402254.01 KJ
Reshuffle task: 34.33%, 1.01
Time ↓ 
R: mean waiting time:  32.9s, mean working time: 84.3s, reshuffle_time part: 37.97%
S: mean waiting time:  33.5s, mean working time: 51.3s
cpu time: 223.90 s
--------------------------------------------------------------------------
