开始训练!
环境：ORCSRSRL, 算法：DoubleDQN, 设备：cpu
****************************************
1_th episode:
Finish rate: R:42.63%, 34.06%
Current stocks status: stocks_rate: 42.88%, lock_rate: 0.25%
Robots utility
['PSB-0:2.49%', 'PSB-1:2.73%', 'PSB-2:2.75%', 'PSB-3:2.91%', 'PSB-4:2.85%']
['PST-0:0.10%', 'PST-1:0.09%', 'PST-2:1.13%']
Energy Consumption ↓ 
R-jobs: 1178,  avg: 9.30 KJ,  min: 0.94 KJ, max: 20.23 KJ, var: 9.87 KJ^2, total: 10950.09 KJ
S-jobs: 935,  avg: 3.12 KJ, min: 0.51 KJ, max: 8.91  KJ, var: 2.33 KJ^2, total: 2921.22 KJ
R: reshuffle:1561.67 KJ, general: 8668.55 KJ
Total EC: 13871.31 KJ
Reshuffle task: 19.51%, 2.35
Time ↓ 
R: mean waiting time:  26412.3s, mean working time: 116.6s, reshuffle_time part: 55.40%
S: mean waiting time:  0.8s, mean working time: 48.3s
Mean queue length: 0.0
TryExcept in Stocks: {'forced-put': 0}
completed R:1     443
2     160
3     103
5      73
4      61
6      53
7      48
11     45
8      43
10     42
9      32
14     24
12     22
15     15
13     14
dtype: int64
completed S:1     361
2     133
4      59
3      58
5      54
6      52
10     35
9      34
12     31
8      28
7      24
11     21
13     18
14     16
15     11
dtype: int64
not completed S:1     361
2     133
4      59
3      58
5      54
6      52
10     35
9      34
12     31
8      28
7      24
11     21
13     18
14     16
15     11
dtype: int64
not completed S:1     361
2     133
4      59
3      58
5      54
6      52
10     35
9      34
12     31
8      28
7      24
11     21
13     18
14     16
15     11
dtype: int64
Modified R orders: 0
action: Counter({0: 495, 1: 381, 2: 359, 4: 302, 3: 275, 5: 153})
cpu time: 141.4
****************************************
2_th episode:
Finish rate: R:38.66%, 35.87%
Current stocks status: stocks_rate: 43.94%, lock_rate: 0.25%
Robots utility
['PSB-0:2.73%', 'PSB-1:3.02%', 'PSB-2:2.50%', 'PSB-3:2.87%', 'PSB-4:2.95%']
['PST-0:0.08%', 'PST-1:0.08%', 'PST-2:1.04%']
Energy Consumption ↓ 
R-jobs: 1079,  avg: 9.63 KJ,  min: 0.45 KJ, max: 19.29 KJ, var: 10.84 KJ^2, total: 10392.11 KJ
S-jobs: 949,  avg: 2.97 KJ, min: 0.51 KJ, max: 9.21  KJ, var: 2.00 KJ^2, total: 2816.37 KJ
R: reshuffle:1831.66 KJ, general: 8420.52 KJ
Total EC: 13208.48 KJ
Reshuffle task: 21.57%, 2.50
Time ↓ 
R: mean waiting time:  29313.0s, mean working time: 130.3s, reshuffle_time part: 56.67%
S: mean waiting time:  0.5s, mean working time: 47.6s
Mean queue length: 0.0
TryExcept in Stocks: {'forced-put': 0}
completed R:1     417
2     136
3      98
5      63
4      57
6      54
10     40
9      37
8      35
7      30
12     26
14     25
15     24
13     20
11     18
dtype: int64
completed S:1     355
2     119
3      80
4      56
5      50
9      45
7      44
6      42
10     38
11     24
8      23
15     22
14     17
13     17
12     17
dtype: int64
not completed S:1     355
2     119
3      80
4      56
5      50
9      45
7      44
6      42
10     38
11     24
8      23
15     22
14     17
13     17
12     17
dtype: int64
not completed S:1     355
2     119
3      80
4      56
5      50
9      45
7      44
6      42
10     38
11     24
8      23
15     22
14     17
13     17
12     17
dtype: int64
Modified R orders: 0
action: Counter({0: 656, 2: 610, 1: 443, 3: 75, 5: 68, 4: 56})
cpu time: 132.5
****************************************
3_th episode:
Finish rate: R:40.98%, 32.91%
Current stocks status: stocks_rate: 40.75%, lock_rate: 0.25%
Robots utility
['PSB-0:3.05%', 'PSB-1:2.68%', 'PSB-2:2.41%', 'PSB-3:2.78%', 'PSB-4:3.20%']
['PST-0:0.11%', 'PST-1:0.09%', 'PST-2:1.07%']
Energy Consumption ↓ 
R-jobs: 1168,  avg: 9.35 KJ,  min: 0.94 KJ, max: 20.05 KJ, var: 10.85 KJ^2, total: 10916.47 KJ
S-jobs: 880,  avg: 3.06 KJ, min: 0.51 KJ, max: 10.55 KJ, var: 2.21 KJ^2, total: 2690.11 KJ
R: reshuffle:1700.43 KJ, general: 8683.86 KJ
Total EC: 13606.58 KJ
Reshuffle task: 19.05%, 2.54
Time ↓ 
R: mean waiting time:  29550.7s, mean working time: 120.9s, reshuffle_time part: 57.12%
S: mean waiting time:  0.5s, mean working time: 48.1s
Mean queue length: 0.0
TryExcept in Stocks: {'forced-put': 0}
completed R:1     425
2     164
3      86
4      67
5      62
6      58
10     53
7      47
9      46
8      38
14     27
11     26
12     24
13     23
15     22
dtype: int64
completed S:1     319
2     115
3      72
4      65
7      46
5      45
10     37
6      35
11     27
14     24
9      23
15     22
13     19
8      19
12     12
dtype: int64
not completed S:1     319
2     115
3      72
4      65
7      46
5      45
10     37
6      35
11     27
14     24
9      23
15     22
13     19
8      19
12     12
dtype: int64
not completed S:1     319
2     115
3      72
4      65
7      46
5      45
10     37
6      35
11     27
14     24
9      23
15     22
13     19
8      19
12     12
dtype: int64
Modified R orders: 0
action: Counter({0: 580, 2: 525, 1: 422, 5: 178, 4: 145, 3: 57})
cpu time: 141.2
****************************************
4_th episode:
Finish rate: R:37.89%, 33.46%
Current stocks status: stocks_rate: 43.22%, lock_rate: 0.25%
Robots utility
['PSB-0:2.90%', 'PSB-1:2.99%', 'PSB-2:2.95%', 'PSB-3:2.51%', 'PSB-4:2.60%']
['PST-0:0.08%', 'PST-1:0.07%', 'PST-2:0.98%']
Energy Consumption ↓ 
R-jobs: 1039,  avg: 9.71 KJ,  min: 1.09 KJ, max: 19.49 KJ, var: 11.23 KJ^2, total: 10092.81 KJ
S-jobs: 911,  avg: 2.95 KJ, min: 0.51 KJ, max: 9.70  KJ, var: 2.04 KJ^2, total: 2688.45 KJ
R: reshuffle:1877.33 KJ, general: 8240.50 KJ
Total EC: 12781.27 KJ
Reshuffle task: 21.04%, 2.66
Time ↓ 
R: mean waiting time:  30195.3s, mean working time: 134.2s, reshuffle_time part: 57.99%
S: mean waiting time:  0.4s, mean working time: 47.7s
Mean queue length: 0.0
TryExcept in Stocks: {'forced-put': 0}
completed R:1     387
2     134
3      95
5      75
4      62
6      49
7      46
8      41
11     32
9      25
10     24
13     20
12     20
15     15
14     14
dtype: int64
completed S:1     334
2     126
3      74
4      49
5      46
6      44
7      36
8      34
10     31
9      30
11     28
13     27
14     21
15     18
12     13
dtype: int64
not completed S:1     334
2     126
3      74
4      49
5      46
6      44
7      36
8      34
10     31
9      30
11     28
13     27
14     21
15     18
12     13
dtype: int64
not completed S:1     334
2     126
3      74
4      49
5      46
6      44
7      36
8      34
10     31
9      30
11     28
13     27
14     21
15     18
12     13
dtype: int64
Modified R orders: 0
action: Counter({0: 703, 2: 496, 1: 403, 4: 112, 3: 65, 5: 62})
cpu time: 134.2
****************************************
Finish rate: R:38.48%, 36.86%
Current stocks status: stocks_rate: 46.41%, lock_rate: 0.25%
Robots utility
['PSB-0:2.68%', 'PSB-1:2.67%', 'PSB-2:2.89%', 'PSB-3:2.88%', 'PSB-4:2.56%']
['PST-0:0.08%', 'PST-1:0.07%', 'PST-2:1.03%']
Energy Consumption ↓ 
R-jobs: 1050,  avg: 9.63 KJ,  min: 0.45 KJ, max: 19.16 KJ, var: 11.88 KJ^2, total: 10109.04 KJ
S-jobs: 1024,  avg: 2.91 KJ, min: 0.51 KJ, max: 9.71  KJ, var: 1.92 KJ^2, total: 2984.24 KJ
R: reshuffle:1773.03 KJ, general: 8201.69 KJ
Total EC: 13093.28 KJ
5_th episode:
Reshuffle task: 19.79%, 2.71
Time ↓ 
R: mean waiting time:  29397.7s, mean working time: 130.2s, reshuffle_time part: 58.26%
S: mean waiting time:  0.6s, mean working time: 47.3s
Mean queue length: 0.0
TryExcept in Stocks: {'forced-put': 0}
completed R:1     375
2     123
3      87
4      73
5      58
10     53
8      46
6      41
7      39
15     33
9      33
11     29
12     22
13     20
14     18
dtype: int64
completed S:1     366
2     150
3      80
5      68
4      49
6      39
10     37
9      37
7      37
11     36
8      35
15     23
13     23
14     22
12     22
dtype: int64
not completed S:1     366
2     150
3      80
5      68
4      49
6      39
10     37
9      37
7      37
11     36
8      35
15     23
13     23
14     22
12     22
dtype: int64
not completed S:1     366
2     150
3      80
5      68
4      49
6      39
10     37
9      37
7      37
11     36
8      35
15     23
13     23
14     22
12     22
dtype: int64
Modified R orders: 0
action: Counter({0: 736, 2: 724, 1: 388, 3: 39, 4: 36, 5: 27})
cpu time: 138.9
****************************************
6_th episode:
Finish rate: R:39.61%, 35.37%
Current stocks status: stocks_rate: 44.19%, lock_rate: 0.25%
Robots utility
['PSB-0:2.82%', 'PSB-1:2.69%', 'PSB-2:2.49%', 'PSB-3:3.19%', 'PSB-4:2.34%']
['PST-0:0.09%', 'PST-1:0.08%', 'PST-2:1.04%']
Energy Consumption ↓ 
R-jobs: 1079,  avg: 9.37 KJ,  min: 0.94 KJ, max: 19.27 KJ, var: 10.65 KJ^2, total: 10110.30 KJ
S-jobs: 973,  avg: 2.93 KJ, min: 0.51 KJ, max: 9.16  KJ, var: 2.22 KJ^2, total: 2846.74 KJ
R: reshuffle:1701.67 KJ, general: 8173.40 KJ
Total EC: 12957.04 KJ
Reshuffle task: 20.63%, 2.51
Time ↓ 
R: mean waiting time:  29017.7s, mean working time: 125.4s, reshuffle_time part: 56.86%
S: mean waiting time:  0.3s, mean working time: 47.3s
Mean queue length: 0.0
TryExcept in Stocks: {'forced-put': 0}
completed R:1     385
2     152
3      90
4      78
5      54
6      53
7      48
9      41
11     37
10     35
8      29
12     28
14     20
15     19
13     10
dtype: int64
completed S:1     338
2     112
3      87
4      65
5      58
9      44
7      42
8      40
10     39
6      33
11     30
13     24
12     22
14     20
15     19
dtype: int64
not completed S:1     338
2     112
3      87
4      65
5      58
9      44
7      42
8      40
10     39
6      33
11     30
13     24
12     22
14     20
15     19
dtype: int64
not completed S:1     338
2     112
3      87
4      65
5      58
9      44
7      42
8      40
10     39
6      33
11     30
13     24
12     22
14     20
15     19
dtype: int64
Modified R orders: 0
action: Counter({1: 621, 2: 516, 0: 479, 5: 135, 3: 97, 4: 80})
cpu time: 163.3
****************************************
7_th episode:
Finish rate: R:40.10%, 35.76%
Current stocks status: stocks_rate: 44.31%, lock_rate: 0.25%
Robots utility
['PSB-0:3.10%', 'PSB-1:2.43%', 'PSB-2:2.88%', 'PSB-3:2.77%', 'PSB-4:2.48%']
['PST-0:0.08%', 'PST-1:0.08%', 'PST-2:1.08%']
Energy Consumption ↓ 
R-jobs: 1114,  avg: 9.46 KJ,  min: 0.94 KJ, max: 20.06 KJ, var: 10.24 KJ^2, total: 10538.03 KJ
S-jobs: 971,  avg: 2.98 KJ, min: 0.51 KJ, max: 9.78  KJ, var: 2.26 KJ^2, total: 2889.73 KJ
R: reshuffle:1652.55 KJ, general: 8489.44 KJ
Total EC: 13427.76 KJ
Reshuffle task: 19.69%, 2.48
Time ↓ 
R: mean waiting time:  30860.4s, mean working time: 122.6s, reshuffle_time part: 56.29%
S: mean waiting time:  0.3s, mean working time: 47.8s
Mean queue length: 0.0
TryExcept in Stocks: {'forced-put': 0}
completed R:1     414
2     149
3      83
5      66
6      54
4      53
11     48
9      43
8      43
10     41
7      41
13     23
15     21
14     19
12     16
dtype: int64
completed S:1     412
2     113
3      67
5      59
4      51
6      47
10     41
7      39
9      28
8      27
11     25
14     17
12     16
15     15
13     14
dtype: int64
not completed S:1     412
2     113
3      67
5      59
4      51
6      47
10     41
7      39
9      28
8      27
11     25
14     17
12     16
15     15
13     14
dtype: int64
not completed S:1     412
2     113
3      67
5      59
4      51
6      47
10     41
7      39
9      28
8      27
11     25
14     17
12     16
15     15
13     14
dtype: int64
Modified R orders: 0
action: Counter({1: 796, 2: 537, 0: 484, 4: 63, 3: 48, 5: 28})
cpu time: 168.3
****************************************
8_th episode:
Finish rate: R:39.53%, 33.61%
Current stocks status: stocks_rate: 42.12%, lock_rate: 0.25%
Robots utility
['PSB-0:2.67%', 'PSB-1:2.67%', 'PSB-2:3.22%', 'PSB-3:2.65%', 'PSB-4:2.79%']
['PST-0:0.08%', 'PST-1:0.08%', 'PST-2:1.02%']
Energy Consumption ↓ 
R-jobs: 1084,  avg: 9.54 KJ,  min: 0.45 KJ, max: 19.48 KJ, var: 11.41 KJ^2, total: 10345.68 KJ
S-jobs: 905,  avg: 2.92 KJ, min: 0.51 KJ, max: 9.33  KJ, var: 2.04 KJ^2, total: 2645.28 KJ
R: reshuffle:1836.18 KJ, general: 8403.68 KJ
Total EC: 12990.96 KJ
Reshuffle task: 20.71%, 2.62
Time ↓ 
R: mean waiting time:  28964.8s, mean working time: 129.2s, reshuffle_time part: 57.79%
S: mean waiting time:  0.5s, mean working time: 47.5s
Mean queue length: 0.0
TryExcept in Stocks: {'forced-put': 0}
completed R:1     387
2     161
3      84
4      60
6      53
8      50
7      47
5      47
9      40
10     38
15     31
11     31
13     26
12     18
14     11
dtype: int64
completed S:1     330
2     111
3      87
4      58
5      54
8      39
7      34
10     33
6      32
9      31
11     30
13     21
12     19
14     16
15     10
dtype: int64
not completed S:1     330
2     111
3      87
4      58
5      54
8      39
7      34
10     33
6      32
9      31
11     30
13     21
12     19
14     16
15     10
dtype: int64
not completed S:1     330
2     111
3      87
4      58
5      54
8      39
7      34
10     33
6      32
9      31
11     30
13     21
12     19
14     16
15     10
dtype: int64
Modified R orders: 0
action: Counter({1: 557, 0: 470, 2: 444, 3: 211, 4: 143, 5: 58})
cpu time: 171.5
****************************************
9_th episode:
Finish rate: R:37.20%, 34.95%
Current stocks status: stocks_rate: 42.47%, lock_rate: 0.50%
Robots utility
['PSB-0:2.72%', 'PSB-1:2.73%', 'PSB-2:3.02%', 'PSB-3:2.45%', 'PSB-4:2.42%']
['PST-0:0.07%', 'PST-1:0.07%', 'PST-2:0.98%']
Energy Consumption ↓ 
R-jobs: 1013,  avg: 9.71 KJ,  min: 0.94 KJ, max: 19.27 KJ, var: 11.11 KJ^2, total: 9839.61 KJ
S-jobs: 943,  avg: 2.98 KJ, min: 0.51 KJ, max: 9.49  KJ, var: 1.93 KJ^2, total: 2808.07 KJ
R: reshuffle:1758.39 KJ, general: 8008.91 KJ
Total EC: 12647.67 KJ
Reshuffle task: 20.57%, 2.55
Time ↓ 
R: mean waiting time:  30303.1s, mean working time: 131.6s, reshuffle_time part: 56.91%
S: mean waiting time:  0.4s, mean working time: 47.9s
Mean queue length: 0.0
TryExcept in Stocks: {'forced-put': 0}
completed R:1     375
2     136
3      89
5      72
4      62
6      46
10     42
8      34
9      33
11     28
7      28
14     21
15     16
13     16
12     15
dtype: int64
completed S:1     337
2     113
3      92
5      58
4      58
8      47
6      46
7      36
9      28
10     27
11     23
13     22
12     22
15     19
14     15
dtype: int64
not completed S:1     337
2     113
3      92
5      58
4      58
8      47
6      46
7      36
9      28
10     27
11     23
13     22
12     22
15     19
14     15
dtype: int64
not completed S:1     337
2     113
3      92
5      58
4      58
8      47
6      46
7      36
9      28
10     27
11     23
13     22
12     22
15     19
14     15
dtype: int64
Modified R orders: 0
action: Counter({0: 614, 1: 531, 2: 483, 4: 107, 5: 58, 3: 51})
cpu time: 164.5
回合：10/200，奖励：-42656
****************************************
10_th episode:
Finish rate: R:36.77%, 35.61%
Current stocks status: stocks_rate: 47.16%, lock_rate: 0.50%
Robots utility
['PSB-0:2.81%', 'PSB-1:2.95%', 'PSB-2:2.40%', 'PSB-3:2.72%', 'PSB-4:2.60%']
['PST-0:0.08%', 'PST-1:0.07%', 'PST-2:0.95%']
Energy Consumption ↓ 
R-jobs: 992,  avg: 9.84 KJ,  min: 1.44 KJ, max: 19.49 KJ, var: 11.06 KJ^2, total: 9763.86 KJ
S-jobs: 995,  avg: 3.02 KJ, min: 0.51 KJ, max: 9.23  KJ, var: 2.24 KJ^2, total: 3001.31 KJ
R: reshuffle:1848.62 KJ, general: 7947.36 KJ
Total EC: 12765.16 KJ
Reshuffle task: 21.72%, 2.56
Time ↓ 
R: mean waiting time:  28444.1s, mean working time: 135.8s, reshuffle_time part: 57.10%
S: mean waiting time:  0.2s, mean working time: 47.9s
Mean queue length: 0.0
TryExcept in Stocks: {'forced-put': 0}
completed R:1     363
2     138
3      83
4      57
5      54
6      53
7      45
8      33
10     32
9      31
15     25
13     22
12     21
14     20
11     15
dtype: int64
completed S:1     416
2     128
3      74
5      63
4      47
6      38
11     36
9      30
7      30
8      28
10     25
14     24
12     22
13     18
15     16
dtype: int64
not completed S:1     416
2     128
3      74
5      63
4      47
6      38
11     36
9      30
7      30
8      28
10     25
14     24
12     22
13     18
15     16
dtype: int64
not completed S:1     416
2     128
3      74
5      63
4      47
6      38
11     36
9      30
7      30
8      28
10     25
14     24
12     22
13     18
15     16
dtype: int64
Modified R orders: 0
action: Counter({1: 673, 2: 590, 0: 372, 4: 159, 3: 52, 5: 31})
cpu time: 163.8
****************************************
11_th episode:
Finish rate: R:39.43%, 35.24%
Current stocks status: stocks_rate: 43.06%, lock_rate: 0.25%
Robots utility
['PSB-0:3.27%', 'PSB-1:2.47%', 'PSB-2:2.55%', 'PSB-3:2.86%', 'PSB-4:2.36%']
['PST-0:0.09%', 'PST-1:0.08%', 'PST-2:1.03%']
Energy Consumption ↓ 
R-jobs: 1074,  avg: 9.46 KJ,  min: 0.45 KJ, max: 21.63 KJ, var: 11.49 KJ^2, total: 10165.11 KJ
S-jobs: 966,  avg: 3.00 KJ, min: 0.51 KJ, max: 9.75  KJ, var: 2.21 KJ^2, total: 2895.19 KJ
R: reshuffle:1707.72 KJ, general: 8120.93 KJ
Total EC: 13060.30 KJ
Reshuffle task: 20.08%, 2.54
Time ↓ 
R: mean waiting time:  30545.6s, mean working time: 125.7s, reshuffle_time part: 57.09%
S: mean waiting time:  0.7s, mean working time: 47.7s
Mean queue length: 0.0
TryExcept in Stocks: {'forced-put': 0}
completed R:1     379
2     150
3      94
4      71
5      61
6      49
10     41
8      37
7      36
11     32
9      31
14     28
12     25
13     22
15     18
dtype: int64
completed S:1     378
2     122
3      70
4      67
5      58
6      44
9      38
8      37
7      35
10     26
11     23
15     22
14     19
12     15
13     12
dtype: int64
not completed S:1     378
2     122
3      70
4      67
5      58
6      44
9      38
8      37
7      35
10     26
11     23
15     22
14     19
12     15
13     12
dtype: int64
not completed S:1     378
2     122
3      70
4      67
5      58
6      44
9      38
8      37
7      35
10     26
11     23
15     22
14     19
12     15
13     12
dtype: int64
Modified R orders: 0
action: Counter({2: 735, 1: 547, 0: 395, 3: 100, 5: 73, 4: 68})
cpu time: 160.1
****************************************
12_th episode:
Finish rate: R:40.72%, 35.58%
Current stocks status: stocks_rate: 43.41%, lock_rate: 0.50%
Robots utility
['PSB-0:2.83%', 'PSB-1:2.68%', 'PSB-2:2.78%', 'PSB-3:2.69%', 'PSB-4:2.72%']
['PST-0:0.09%', 'PST-1:0.07%', 'PST-2:1.07%']
Energy Consumption ↓ 
R-jobs: 1104,  avg: 9.48 KJ,  min: 0.94 KJ, max: 20.37 KJ, var: 10.86 KJ^2, total: 10468.08 KJ
S-jobs: 992,  avg: 3.04 KJ, min: 0.51 KJ, max: 9.29  KJ, var: 2.13 KJ^2, total: 3016.60 KJ
R: reshuffle:1693.89 KJ, general: 8386.01 KJ
Total EC: 13484.69 KJ
Reshuffle task: 20.58%, 2.48
Time ↓ 
R: mean waiting time:  29333.4s, mean working time: 124.2s, reshuffle_time part: 56.42%
S: mean waiting time:  0.5s, mean working time: 48.1s
Mean queue length: 0.0
TryExcept in Stocks: {'forced-put': 0}
completed R:1     390
2     159
3      95
4      70
5      64
6      54
10     49
7      46
8      36
11     33
9      32
13     28
15     18
14     16
12     14
dtype: int64
completed S:1     372
2     134
3      80
4      64
5      62
7      38
6      37
8      36
10     31
9      31
13     26
11     24
14     21
15     18
12     18
dtype: int64
not completed S:1     372
2     134
3      80
4      64
5      62
7      38
6      37
8      36
10     31
9      31
13     26
11     24
14     21
15     18
12     18
dtype: int64
not completed S:1     372
2     134
3      80
4      64
5      62
7      38
6      37
8      36
10     31
9      31
13     26
11     24
14     21
15     18
12     18
dtype: int64
Modified R orders: 0
action: Counter({0: 665, 2: 511, 1: 455, 3: 151, 4: 118, 5: 74})
cpu time: 146.6
Finish rate: R:38.71%, 35.49%
Current stocks status: stocks_rate: 45.28%, lock_rate: 0.25%
Robots utility
['PSB-0:3.03%', 'PSB-1:2.88%', 'PSB-2:2.59%', 'PSB-3:2.96%', 'PSB-4:2.33%']
['PST-0:0.07%', 'PST-1:0.08%', 'PST-2:1.00%']
Energy Consumption ↓ 
R-jobs: 1017,  avg: 9.84 KJ,  min: 0.45 KJ, max: 20.57 KJ, var: 11.25 KJ^2, total: 10010.93 KJ
S-jobs: 978,  avg: 2.86 KJ, min: 0.51 KJ, max: 9.71  KJ, var: 1.81 KJ^2, total: 2799.23 KJ
R: reshuffle:1875.11 KJ, general: 8140.47 KJ
Total EC: 12810.15 KJ
****************************************
13_th episode:
Reshuffle task: 22.00%, 2.65
Time ↓ 
R: mean waiting time:  30608.3s, mean working time: 135.7s, reshuffle_time part: 57.81%
S: mean waiting time:  0.3s, mean working time: 47.1s
Mean queue length: 0.0
TryExcept in Stocks: {'forced-put': 0}
completed R:1     364
2     134
3      87
4      52
5      50
6      49
8      48
9      46
7      39
11     36
10     36
15     23
14     21
12     21
13     11
dtype: int64
completed S:1     359
2     136
3      88
5      53
4      53
8      52
9      38
6      36
10     33
11     31
7      28
12     22
13     19
15     18
14     12
dtype: int64
not completed S:1     359
2     136
3      88
5      53
4      53
8      52
9      38
6      36
10     33
11     31
7      28
12     22
13     19
15     18
14     12
dtype: int64
not completed S:1     359
2     136
3      88
5      53
4      53
8      52
9      38
6      36
10     33
11     31
7      28
12     22
13     19
15     18
14     12
dtype: int64
Modified R orders: 0
action: Counter({1: 682, 0: 546, 2: 455, 4: 74, 3: 71, 5: 41})
cpu time: 151.8
****************************************
14_th episode:
Finish rate: R:40.37%, 35.34%
Current stocks status: stocks_rate: 41.91%, lock_rate: 0.25%
Robots utility
['PSB-0:2.42%', 'PSB-1:3.26%', 'PSB-2:2.95%', 'PSB-3:2.45%', 'PSB-4:2.66%']
['PST-0:0.09%', 'PST-1:0.07%', 'PST-2:1.10%']
Energy Consumption ↓ 
R-jobs: 1134,  avg: 9.39 KJ,  min: 1.26 KJ, max: 18.81 KJ, var: 9.93 KJ^2, total: 10647.22 KJ
S-jobs: 1012,  avg: 3.01 KJ, min: 0.51 KJ, max: 9.65  KJ, var: 2.26 KJ^2, total: 3043.57 KJ
R: reshuffle:1674.66 KJ, general: 8570.67 KJ
Total EC: 13690.79 KJ
Reshuffle task: 19.86%, 2.40
Time ↓ 
R: mean waiting time:  28237.5s, mean working time: 121.2s, reshuffle_time part: 56.44%
S: mean waiting time:  0.4s, mean working time: 47.9s
Mean queue length: 0.0
TryExcept in Stocks: {'forced-put': 0}
completed R:1     409
2     171
3     100
5      73
4      57
7      55
6      50
8      49
10     41
11     29
9      26
13     23
12     20
15     18
14     13
dtype: int64
completed S:1     353
2     168
3      94
4      65
5      56
9      40
7      36
6      36
8      32
10     31
14     27
11     26
13     17
12     16
15     15
dtype: int64
not completed S:1     353
2     168
3      94
4      65
5      56
9      40
7      36
6      36
8      32
10     31
14     27
11     26
13     17
12     16
15     15
dtype: int64
not completed S:1     353
2     168
3      94
4      65
5      56
9      40
7      36
6      36
8      32
10     31
14     27
11     26
13     17
12     16
15     15
dtype: int64
Modified R orders: 0
action: Counter({2: 642, 1: 545, 0: 500, 3: 130, 4: 124, 5: 84})
cpu time: 199.1
